{"level":"error","message":"Admin authentication error: secret or public key must be provided","service":"movie-booking-api","timestamp":"2025-04-26 15:37:35"}
{"level":"error","message":"Admin authentication error: secret or public key must be provided","service":"movie-booking-api","timestamp":"2025-04-26 15:38:04"}
{"level":"error","message":"Admin authentication error: secret or public key must be provided","service":"movie-booking-api","timestamp":"2025-04-26 15:38:10"}
{"level":"error","message":"Admin authentication error: secret or public key must be provided","service":"movie-booking-api","timestamp":"2025-04-26 15:38:22"}
{"level":"error","message":"Admin authentication error: secret or public key must be provided","service":"movie-booking-api","timestamp":"2025-04-26 15:38:24"}
{"level":"error","message":"Admin authentication error: secret or public key must be provided","service":"movie-booking-api","timestamp":"2025-04-26 15:38:54"}
{"level":"error","message":"Admin authentication error: jwt malformed","service":"movie-booking-api","timestamp":"2025-04-26 15:38:59"}
{"level":"error","message":"Admin authentication error: secret or public key must be provided","service":"movie-booking-api","timestamp":"2025-04-26 15:39:17"}
{"level":"error","message":"Admin authentication error: secret or public key must be provided","service":"movie-booking-api","timestamp":"2025-04-26 15:40:38"}
{"level":"error","message":"Admin authentication error: jwt malformed","service":"movie-booking-api","timestamp":"2025-04-26 15:41:10"}
{"level":"error","message":"Admin authentication error: invalid signature","service":"movie-booking-api","timestamp":"2025-04-26 15:42:26"}
{"level":"error","message":"Admin authentication error: invalid signature","service":"movie-booking-api","timestamp":"2025-04-26 15:42:53"}
{"level":"error","message":"Admin authentication error: invalid signature","service":"movie-booking-api","timestamp":"2025-04-26 15:42:55"}
{"level":"error","message":"Admin authentication error: invalid signature","service":"movie-booking-api","timestamp":"2025-04-26 15:43:05"}
{"level":"error","message":"Database connection error: connect ECONNREFUSED ::1:27017, connect ECONNREFUSED 127.0.0.1:27017","service":"movie-booking-api","timestamp":"2025-04-26 15:46:59"}
{"level":"error","message":"Database connection error: Invalid message size: 1347703880, max allowed: 67108864","service":"movie-booking-api","timestamp":"2025-04-26 15:47:59"}
{"level":"error","message":"Admin authentication error: invalid signature","service":"movie-booking-api","timestamp":"2025-04-27 16:36:13"}
{"level":"error","message":"Admin authentication error: jwt malformed","service":"movie-booking-api","timestamp":"2025-06-12 21:18:39"}
{"level":"error","message":"Admin authentication error: jwt malformed","service":"movie-booking-api","timestamp":"2025-06-12 21:21:38"}
{"level":"error","message":"Admin authentication error: jwt malformed","service":"movie-booking-api","timestamp":"2025-06-12 21:21:52"}
{"level":"error","message":"Admin authentication error: invalid signature","service":"movie-booking-api","timestamp":"2025-06-12 21:21:57"}
{"level":"error","message":"Admin lookup error: Operation `admins.findOne()` buffering timed out after 10000ms","service":"movie-booking-api","timestamp":"2025-06-12 21:29:15"}
{"level":"error","message":"Admin authentication error: invalid token","service":"movie-booking-api","timestamp":"2025-06-12 21:32:29"}
{"level":"error","message":"Admin authentication error: secret or public key must be provided","service":"movie-booking-api","timestamp":"2025-06-12 21:32:41"}
{"level":"error","message":"Admin authentication error: secret or public key must be provided","service":"movie-booking-api","timestamp":"2025-06-12 21:32:47"}
{"level":"error","message":"Admin authentication error: secret or public key must be provided","service":"movie-booking-api","timestamp":"2025-06-12 21:32:53"}
{"level":"error","message":"Admin authentication error: secret or public key must be provided","service":"movie-booking-api","timestamp":"2025-06-12 21:33:41"}
{"level":"error","message":"Admin authentication error: secret or public key must be provided","service":"movie-booking-api","timestamp":"2025-06-12 21:33:50"}
{"level":"error","message":"Admin authentication error: secret or public key must be provided","service":"movie-booking-api","timestamp":"2025-06-12 21:34:16"}
{"level":"error","message":"Admin authentication error: secret or public key must be provided","service":"movie-booking-api","timestamp":"2025-06-12 21:34:17"}
{"level":"error","message":"Admin authentication error: secret or public key must be provided","service":"movie-booking-api","timestamp":"2025-06-12 21:34:18"}
{"level":"error","message":"Admin authentication error: secret or public key must be provided","service":"movie-booking-api","timestamp":"2025-06-12 21:35:17"}
{"level":"error","message":"Admin authentication error: secret or public key must be provided","service":"movie-booking-api","timestamp":"2025-06-12 21:35:38"}
{"level":"error","message":"Admin authentication error: invalid token","service":"movie-booking-api","timestamp":"2025-06-12 21:35:55"}
{"level":"error","message":"Admin authentication error: jwt malformed","service":"movie-booking-api","timestamp":"2025-06-12 21:37:34"}
{"level":"error","message":"Admin authentication error: jwt malformed","service":"movie-booking-api","timestamp":"2025-06-12 21:37:36"}
{"level":"error","message":"400 - Expected property name or '}' in JSON at position 7 - /admin/login - GET - ::1","service":"movie-booking-api","timestamp":"2025-06-12 21:38:34"}
{"level":"error","message":"Admin authentication error: jwt malformed","service":"movie-booking-api","timestamp":"2025-06-12 21:38:42"}
{"level":"error","message":"Admin authentication error: jwt malformed","service":"movie-booking-api","timestamp":"2025-06-12 21:40:13"}
{"level":"error","message":"Admin authentication error: jwt malformed","service":"movie-booking-api","timestamp":"2025-06-12 21:40:28"}
{"level":"error","message":"Admin authentication error: invalid token","service":"movie-booking-api","timestamp":"2025-06-12 21:44:18"}
{"level":"error","message":"Get admin by ID error: Cast to ObjectId failed for value \"login\" (type string) at path \"_id\" for model \"admin\"","service":"movie-booking-api","timestamp":"2025-06-12 21:48:56"}
{"level":"error","message":"Authentication error: invalid signature","service":"movie-booking-api","timestamp":"2025-06-14 20:51:39"}
{"level":"error","message":"Authentication error: invalid signature","service":"movie-booking-api","timestamp":"2025-06-14 20:53:29"}
{"level":"error","message":"Authentication error: invalid signature","service":"movie-booking-api","timestamp":"2025-06-14 20:56:38"}
{"level":"error","message":"Authentication error: invalid signature","service":"movie-booking-api","timestamp":"2025-06-15 10:53:09"}
{"level":"error","message":"Authentication error: jwt malformed","service":"movie-booking-api","timestamp":"2025-06-15 10:53:36"}
{"level":"error","message":"Authentication error: jwt malformed","service":"movie-booking-api","timestamp":"2025-06-15 10:53:48"}
{"level":"error","message":"400 - Expected double-quoted property name in JSON at position 312 - /movie/coming-soon - POST - ::1","service":"movie-booking-api","timestamp":"2025-06-15 11:05:03"}
{"level":"error","message":"400 - Expected double-quoted property name in JSON at position 312 - /movie/coming-soon - GET - ::1","service":"movie-booking-api","timestamp":"2025-06-15 11:05:08"}
{"level":"error","message":"Authentication error: invalid signature","service":"movie-booking-api","timestamp":"2025-06-15 11:30:02"}
{"level":"error","message":"Authentication error: invalid signature","service":"movie-booking-api","timestamp":"2025-06-15 11:33:59"}
{"level":"error","message":"Authentication error: invalid signature","service":"movie-booking-api","timestamp":"2025-06-15 11:34:43"}
{"level":"error","message":"400 - Expected double-quoted property name in JSON at position 214 - /booking - GET - ::1","service":"movie-booking-api","timestamp":"2025-06-15 12:16:36"}
{"level":"error","message":"400 - Expected ',' or '}' after property value in JSON at position 23 - /user/signup - POST - ::1","service":"movie-booking-api","timestamp":"2025-06-16 14:27:42"}
{"level":"error","message":"MongoDB connection error: Could not connect to any servers in your MongoDB Atlas cluster. One common reason is that you're trying to access the database from an IP that isn't whitelisted. Make sure your current IP address is on your Atlas cluster's IP whitelist: https://www.mongodb.com/docs/atlas/security-whitelist/","service":"movie-booking-api","timestamp":"2025-06-16 15:50:04"}
{"level":"error","message":"400 - Unexpected non-whitespace character after JSON at position 638 - /movie - POST - ::1","service":"movie-booking-api","timestamp":"2025-06-17 14:09:39"}
{"level":"error","message":"400 - Unexpected end of JSON input - /movie/68511a0a9f359f0b35bb5a38/toggle-showing - PUT - ::1","service":"movie-booking-api","timestamp":"2025-06-17 14:43:56"}
